{"C:\\Users\\nicog\\OneDrive\\Documents\\calendrier\\Calendrier\\frontend\\src\\features\\auth\\Login.jsx": {"path":"C:\\Users\\nicog\\OneDrive\\Documents\\calendrier\\Calendrier\\frontend\\src\\features\\auth\\Login.jsx","statementMap":{"0":{"start":{"line":9,"column":2},"end":{"line":31,"column":null}},"1":{"start":{"line":13,"column":17},"end":{"line":15,"column":null}},"2":{"start":{"line":16,"column":16},"end":{"line":16,"column":null}},"3":{"start":{"line":20,"column":6},"end":{"line":22,"column":null}},"4":{"start":{"line":24,"column":4},"end":{"line":24,"column":null}},"5":{"start":{"line":27,"column":6},"end":{"line":29,"column":null}},"6":{"start":{"line":30,"column":4},"end":{"line":30,"column":null}},"7":{"start":{"line":35,"column":2},"end":{"line":39,"column":null}},"8":{"start":{"line":42,"column":2},"end":{"line":43,"column":null}},"9":{"start":{"line":45,"column":23},"end":{"line":47,"column":null}},"10":{"start":{"line":48,"column":26},"end":{"line":50,"column":null}},"11":{"start":{"line":53,"column":24},"end":{"line":53,"column":null}},"12":{"start":{"line":53,"column":43},"end":{"line":53,"column":57}},"13":{"start":{"line":54,"column":30},"end":{"line":54,"column":null}},"14":{"start":{"line":54,"column":49},"end":{"line":54,"column":66}},"15":{"start":{"line":55,"column":28},"end":{"line":55,"column":null}},"16":{"start":{"line":56,"column":24},"end":{"line":56,"column":null}},"17":{"start":{"line":57,"column":22},"end":{"line":57,"column":null}},"18":{"start":{"line":60,"column":4},"end":{"line":60,"column":null}},"19":{"start":{"line":61,"column":4},"end":{"line":61,"column":null}},"20":{"start":{"line":62,"column":4},"end":{"line":62,"column":null}},"21":{"start":{"line":64,"column":4},"end":{"line":67,"column":null}},"22":{"start":{"line":65,"column":6},"end":{"line":65,"column":null}},"23":{"start":{"line":66,"column":6},"end":{"line":66,"column":null}},"24":{"start":{"line":69,"column":4},"end":{"line":69,"column":null}},"25":{"start":{"line":71,"column":4},"end":{"line":125,"column":null}},"26":{"start":{"line":72,"column":6},"end":{"line":122,"column":null}},"27":{"start":{"line":73,"column":8},"end":{"line":101,"column":null}},"28":{"start":{"line":76,"column":12},"end":{"line":88,"column":null}},"29":{"start":{"line":78,"column":14},"end":{"line":82,"column":null}},"30":{"start":{"line":79,"column":16},"end":{"line":79,"column":null}},"31":{"start":{"line":81,"column":16},"end":{"line":81,"column":null}},"32":{"start":{"line":84,"column":14},"end":{"line":86,"column":null}},"33":{"start":{"line":85,"column":16},"end":{"line":85,"column":null}},"34":{"start":{"line":87,"column":14},"end":{"line":87,"column":null}},"35":{"start":{"line":91,"column":12},"end":{"line":91,"column":null}},"36":{"start":{"line":93,"column":12},"end":{"line":93,"column":null}},"37":{"start":{"line":97,"column":12},"end":{"line":97,"column":null}},"38":{"start":{"line":98,"column":12},"end":{"line":100,"column":null}},"39":{"start":{"line":99,"column":14},"end":{"line":99,"column":null}},"40":{"start":{"line":104,"column":8},"end":{"line":121,"column":null}},"41":{"start":{"line":107,"column":12},"end":{"line":113,"column":null}},"42":{"start":{"line":108,"column":14},"end":{"line":108,"column":null}},"43":{"start":{"line":109,"column":14},"end":{"line":111,"column":null}},"44":{"start":{"line":110,"column":16},"end":{"line":110,"column":null}},"45":{"start":{"line":112,"column":14},"end":{"line":112,"column":null}},"46":{"start":{"line":114,"column":12},"end":{"line":114,"column":null}},"47":{"start":{"line":117,"column":12},"end":{"line":117,"column":null}},"48":{"start":{"line":118,"column":12},"end":{"line":120,"column":null}},"49":{"start":{"line":119,"column":14},"end":{"line":119,"column":null}},"50":{"start":{"line":124,"column":6},"end":{"line":124,"column":null}},"51":{"start":{"line":130,"column":4},"end":{"line":130,"column":null}},"52":{"start":{"line":130,"column":31},"end":{"line":130,"column":null}},"53":{"start":{"line":131,"column":4},"end":{"line":131,"column":null}},"54":{"start":{"line":132,"column":4},"end":{"line":132,"column":null}},"55":{"start":{"line":133,"column":4},"end":{"line":133,"column":null}},"56":{"start":{"line":134,"column":4},"end":{"line":134,"column":null}},"57":{"start":{"line":137,"column":2},"end":{"line":199,"column":null}},"58":{"start":{"line":161,"column":29},"end":{"line":161,"column":null}},"59":{"start":{"line":176,"column":29},"end":{"line":176,"column":null}},"60":{"start":{"line":203,"column":0},"end":{"line":205,"column":null}}},"fnMap":{"0":{"name":"getViteEnv","decl":{"start":{"line":8,"column":9},"end":{"line":8,"column":20}},"loc":{"start":{"line":8,"column":52},"end":{"line":32,"column":null}},"line":8},"1":{"name":"Login","decl":{"start":{"line":52,"column":24},"end":{"line":52,"column":30}},"loc":{"start":{"line":52,"column":46},"end":{"line":201,"column":null}},"line":52},"2":{"name":"(anonymous_2)","decl":{"start":{"line":53,"column":37},"end":{"line":53,"column":43}},"loc":{"start":{"line":53,"column":43},"end":{"line":53,"column":57}},"line":53},"3":{"name":"(anonymous_3)","decl":{"start":{"line":54,"column":43},"end":{"line":54,"column":49}},"loc":{"start":{"line":54,"column":49},"end":{"line":54,"column":66}},"line":54},"4":{"name":"handleSubmit","decl":{"start":{"line":59,"column":17},"end":{"line":59,"column":30}},"loc":{"start":{"line":59,"column":33},"end":{"line":126,"column":null}},"line":59},"5":{"name":"(anonymous_5)","decl":{"start":{"line":75,"column":16},"end":{"line":75,"column":17}},"loc":{"start":{"line":75,"column":44},"end":{"line":94,"column":11}},"line":75},"6":{"name":"(anonymous_6)","decl":{"start":{"line":95,"column":17},"end":{"line":95,"column":18}},"loc":{"start":{"line":95,"column":26},"end":{"line":101,"column":11}},"line":95},"7":{"name":"(anonymous_7)","decl":{"start":{"line":106,"column":16},"end":{"line":106,"column":17}},"loc":{"start":{"line":106,"column":42},"end":{"line":115,"column":11}},"line":106},"8":{"name":"(anonymous_8)","decl":{"start":{"line":116,"column":17},"end":{"line":116,"column":18}},"loc":{"start":{"line":116,"column":26},"end":{"line":121,"column":11}},"line":116},"9":{"name":"fillTestCreds","decl":{"start":{"line":128,"column":11},"end":{"line":128,"column":27}},"loc":{"start":{"line":128,"column":27},"end":{"line":135,"column":null}},"line":128},"10":{"name":"(anonymous_10)","decl":{"start":{"line":161,"column":22},"end":{"line":161,"column":23}},"loc":{"start":{"line":161,"column":29},"end":{"line":161,"column":null}},"line":161},"11":{"name":"(anonymous_11)","decl":{"start":{"line":176,"column":22},"end":{"line":176,"column":23}},"loc":{"start":{"line":176,"column":29},"end":{"line":176,"column":null}},"line":176}},"branchMap":{"0":{"loc":{"start":{"line":8,"column":26},"end":{"line":8,"column":52}},"type":"default-arg","locations":[{"start":{"line":8,"column":41},"end":{"line":8,"column":52}}],"line":8},"1":{"loc":{"start":{"line":20,"column":6},"end":{"line":22,"column":null}},"type":"cond-expr","locations":[{"start":{"line":21,"column":10},"end":{"line":21,"column":null}},{"start":{"line":22,"column":10},"end":{"line":22,"column":null}}],"line":20},"2":{"loc":{"start":{"line":20,"column":6},"end":{"line":20,"column":null}},"type":"binary-expr","locations":[{"start":{"line":20,"column":6},"end":{"line":20,"column":40}},{"start":{"line":20,"column":40},"end":{"line":20,"column":51}},{"start":{"line":20,"column":51},"end":{"line":20,"column":null}}],"line":20},"3":{"loc":{"start":{"line":24,"column":11},"end":{"line":24,"column":null}},"type":"binary-expr","locations":[{"start":{"line":24,"column":11},"end":{"line":24,"column":18}},{"start":{"line":24,"column":18},"end":{"line":24,"column":29}},{"start":{"line":24,"column":29},"end":{"line":24,"column":null}}],"line":24},"4":{"loc":{"start":{"line":27,"column":6},"end":{"line":29,"column":null}},"type":"cond-expr","locations":[{"start":{"line":28,"column":10},"end":{"line":28,"column":null}},{"start":{"line":29,"column":10},"end":{"line":29,"column":null}}],"line":27},"5":{"loc":{"start":{"line":27,"column":6},"end":{"line":27,"column":null}},"type":"binary-expr","locations":[{"start":{"line":27,"column":6},"end":{"line":27,"column":40}},{"start":{"line":27,"column":40},"end":{"line":27,"column":51}},{"start":{"line":27,"column":51},"end":{"line":27,"column":null}}],"line":27},"6":{"loc":{"start":{"line":30,"column":11},"end":{"line":30,"column":null}},"type":"binary-expr","locations":[{"start":{"line":30,"column":11},"end":{"line":30,"column":22}},{"start":{"line":30,"column":22},"end":{"line":30,"column":null}}],"line":30},"7":{"loc":{"start":{"line":35,"column":2},"end":{"line":39,"column":null}},"type":"cond-expr","locations":[{"start":{"line":38,"column":6},"end":{"line":38,"column":null}},{"start":{"line":39,"column":6},"end":{"line":39,"column":null}}],"line":35},"8":{"loc":{"start":{"line":35,"column":2},"end":{"line":37,"column":null}},"type":"binary-expr","locations":[{"start":{"line":35,"column":2},"end":{"line":35,"column":null}},{"start":{"line":36,"column":2},"end":{"line":36,"column":null}},{"start":{"line":37,"column":2},"end":{"line":37,"column":null}}],"line":35},"9":{"loc":{"start":{"line":42,"column":2},"end":{"line":43,"column":null}},"type":"binary-expr","locations":[{"start":{"line":42,"column":2},"end":{"line":42,"column":null}},{"start":{"line":43,"column":2},"end":{"line":43,"column":null}}],"line":42},"10":{"loc":{"start":{"line":45,"column":23},"end":{"line":47,"column":null}},"type":"cond-expr","locations":[{"start":{"line":46,"column":4},"end":{"line":46,"column":null}},{"start":{"line":47,"column":4},"end":{"line":47,"column":null}}],"line":45},"11":{"loc":{"start":{"line":48,"column":26},"end":{"line":50,"column":null}},"type":"cond-expr","locations":[{"start":{"line":49,"column":4},"end":{"line":49,"column":null}},{"start":{"line":50,"column":4},"end":{"line":50,"column":null}}],"line":48},"12":{"loc":{"start":{"line":64,"column":4},"end":{"line":67,"column":null}},"type":"if","locations":[{"start":{"line":64,"column":4},"end":{"line":67,"column":null}},{"start":{},"end":{}}],"line":64},"13":{"loc":{"start":{"line":72,"column":6},"end":{"line":122,"column":null}},"type":"if","locations":[{"start":{"line":72,"column":6},"end":{"line":122,"column":null}},{"start":{"line":102,"column":13},"end":{"line":122,"column":null}}],"line":72},"14":{"loc":{"start":{"line":76,"column":12},"end":{"line":88,"column":null}},"type":"if","locations":[{"start":{"line":76,"column":12},"end":{"line":88,"column":null}},{"start":{},"end":{}}],"line":76},"15":{"loc":{"start":{"line":78,"column":14},"end":{"line":82,"column":null}},"type":"if","locations":[{"start":{"line":78,"column":14},"end":{"line":82,"column":null}},{"start":{"line":80,"column":21},"end":{"line":82,"column":null}}],"line":78},"16":{"loc":{"start":{"line":81,"column":25},"end":{"line":81,"column":69}},"type":"binary-expr","locations":[{"start":{"line":81,"column":25},"end":{"line":81,"column":49}},{"start":{"line":81,"column":49},"end":{"line":81,"column":69}}],"line":81},"17":{"loc":{"start":{"line":84,"column":14},"end":{"line":86,"column":null}},"type":"if","locations":[{"start":{"line":84,"column":14},"end":{"line":86,"column":null}},{"start":{},"end":{}}],"line":84},"18":{"loc":{"start":{"line":98,"column":12},"end":{"line":100,"column":null}},"type":"if","locations":[{"start":{"line":98,"column":12},"end":{"line":100,"column":null}},{"start":{},"end":{}}],"line":98},"19":{"loc":{"start":{"line":107,"column":12},"end":{"line":113,"column":null}},"type":"if","locations":[{"start":{"line":107,"column":12},"end":{"line":113,"column":null}},{"start":{},"end":{}}],"line":107},"20":{"loc":{"start":{"line":108,"column":23},"end":{"line":108,"column":73}},"type":"binary-expr","locations":[{"start":{"line":108,"column":23},"end":{"line":108,"column":45}},{"start":{"line":108,"column":45},"end":{"line":108,"column":73}}],"line":108},"21":{"loc":{"start":{"line":109,"column":14},"end":{"line":111,"column":null}},"type":"if","locations":[{"start":{"line":109,"column":14},"end":{"line":111,"column":null}},{"start":{},"end":{}}],"line":109},"22":{"loc":{"start":{"line":118,"column":12},"end":{"line":120,"column":null}},"type":"if","locations":[{"start":{"line":118,"column":12},"end":{"line":120,"column":null}},{"start":{},"end":{}}],"line":118},"23":{"loc":{"start":{"line":130,"column":4},"end":{"line":130,"column":null}},"type":"if","locations":[{"start":{"line":130,"column":4},"end":{"line":130,"column":null}},{"start":{},"end":{}}],"line":130},"24":{"loc":{"start":{"line":142,"column":7},"end":{"line":149,"column":null}},"type":"binary-expr","locations":[{"start":{"line":142,"column":7},"end":{"line":142,"column":null}},{"start":{"line":143,"column":8},"end":{"line":149,"column":null}}],"line":142},"25":{"loc":{"start":{"line":152,"column":7},"end":{"line":152,"column":null}},"type":"binary-expr","locations":[{"start":{"line":152,"column":7},"end":{"line":152,"column":15}},{"start":{"line":152,"column":15},"end":{"line":152,"column":null}}],"line":152},"26":{"loc":{"start":{"line":183,"column":13},"end":{"line":183,"column":null}},"type":"cond-expr","locations":[{"start":{"line":183,"column":23},"end":{"line":183,"column":41}},{"start":{"line":183,"column":41},"end":{"line":183,"column":null}}],"line":183},"27":{"loc":{"start":{"line":187,"column":11},"end":{"line":195,"column":null}},"type":"binary-expr","locations":[{"start":{"line":187,"column":11},"end":{"line":187,"column":null}},{"start":{"line":188,"column":12},"end":{"line":195,"column":null}}],"line":187}},"s":{"0":2,"1":2,"2":2,"3":2,"4":2,"5":2,"6":2,"7":1,"8":1,"9":1,"10":1,"11":39,"12":10,"13":39,"14":10,"15":39,"16":39,"17":39,"18":9,"19":9,"20":9,"21":9,"22":1,"23":1,"24":8,"25":8,"26":8,"27":5,"28":3,"29":2,"30":1,"31":1,"32":2,"33":2,"34":2,"35":1,"36":1,"37":1,"38":1,"39":1,"40":3,"41":2,"42":1,"43":1,"44":1,"45":1,"46":1,"47":1,"48":1,"49":1,"50":7,"51":0,"52":0,"53":0,"54":0,"55":0,"56":0,"57":39,"58":8,"59":5,"60":1},"f":{"0":2,"1":39,"2":10,"3":10,"4":9,"5":3,"6":1,"7":2,"8":1,"9":0,"10":8,"11":5},"b":{"0":[2],"1":[0,0],"2":[2,0,0],"3":[2,0,0],"4":[2,0],"5":[2,2,2],"6":[2,0],"7":[0,1],"8":[1,1,1],"9":[1,1],"10":[0,1],"11":[0,1],"12":[1,8],"13":[5,3],"14":[2,1],"15":[1,1],"16":[1,0],"17":[2,0],"18":[1,0],"19":[1,1],"20":[1,0],"21":[1,0],"22":[1,0],"23":[0,0],"24":[39,6],"25":[39,2],"26":[8,31],"27":[39,39]},"meta":{"lastBranch":28,"lastFunction":12,"lastStatement":61,"seen":{"f:8:9:8:20":0,"b:8:41:8:52":0,"s:9:2:31:Infinity":0,"s:13:17:15:Infinity":1,"s:16:16:16:Infinity":2,"s:20:6:22:Infinity":3,"b:21:10:21:Infinity:22:10:22:Infinity":1,"b:20:6:20:40:20:40:20:51:20:51:20:Infinity":2,"s:24:4:24:Infinity":4,"b:24:11:24:18:24:18:24:29:24:29:24:Infinity":3,"s:27:6:29:Infinity":5,"b:28:10:28:Infinity:29:10:29:Infinity":4,"b:27:6:27:40:27:40:27:51:27:51:27:Infinity":5,"s:30:4:30:Infinity":6,"b:30:11:30:22:30:22:30:Infinity":6,"s:35:2:39:Infinity":7,"b:38:6:38:Infinity:39:6:39:Infinity":7,"b:35:2:35:Infinity:36:2:36:Infinity:37:2:37:Infinity":8,"s:42:2:43:Infinity":8,"b:42:2:42:Infinity:43:2:43:Infinity":9,"s:45:23:47:Infinity":9,"b:46:4:46:Infinity:47:4:47:Infinity":10,"s:48:26:50:Infinity":10,"b:49:4:49:Infinity:50:4:50:Infinity":11,"f:52:24:52:30":1,"s:53:24:53:Infinity":11,"f:53:37:53:43":2,"s:53:43:53:57":12,"s:54:30:54:Infinity":13,"f:54:43:54:49":3,"s:54:49:54:66":14,"s:55:28:55:Infinity":15,"s:56:24:56:Infinity":16,"s:57:22:57:Infinity":17,"f:59:17:59:30":4,"s:60:4:60:Infinity":18,"s:61:4:61:Infinity":19,"s:62:4:62:Infinity":20,"b:64:4:67:Infinity:undefined:undefined:undefined:undefined":12,"s:64:4:67:Infinity":21,"s:65:6:65:Infinity":22,"s:66:6:66:Infinity":23,"s:69:4:69:Infinity":24,"s:71:4:125:Infinity":25,"b:72:6:122:Infinity:102:13:122:Infinity":13,"s:72:6:122:Infinity":26,"s:73:8:101:Infinity":27,"f:75:16:75:17":5,"b:76:12:88:Infinity:undefined:undefined:undefined:undefined":14,"s:76:12:88:Infinity":28,"b:78:14:82:Infinity:80:21:82:Infinity":15,"s:78:14:82:Infinity":29,"s:79:16:79:Infinity":30,"s:81:16:81:Infinity":31,"b:81:25:81:49:81:49:81:69":16,"b:84:14:86:Infinity:undefined:undefined:undefined:undefined":17,"s:84:14:86:Infinity":32,"s:85:16:85:Infinity":33,"s:87:14:87:Infinity":34,"s:91:12:91:Infinity":35,"s:93:12:93:Infinity":36,"f:95:17:95:18":6,"s:97:12:97:Infinity":37,"b:98:12:100:Infinity:undefined:undefined:undefined:undefined":18,"s:98:12:100:Infinity":38,"s:99:14:99:Infinity":39,"s:104:8:121:Infinity":40,"f:106:16:106:17":7,"b:107:12:113:Infinity:undefined:undefined:undefined:undefined":19,"s:107:12:113:Infinity":41,"s:108:14:108:Infinity":42,"b:108:23:108:45:108:45:108:73":20,"b:109:14:111:Infinity:undefined:undefined:undefined:undefined":21,"s:109:14:111:Infinity":43,"s:110:16:110:Infinity":44,"s:112:14:112:Infinity":45,"s:114:12:114:Infinity":46,"f:116:17:116:18":8,"s:117:12:117:Infinity":47,"b:118:12:120:Infinity:undefined:undefined:undefined:undefined":22,"s:118:12:120:Infinity":48,"s:119:14:119:Infinity":49,"s:124:6:124:Infinity":50,"f:128:11:128:27":9,"b:130:4:130:Infinity:undefined:undefined:undefined:undefined":23,"s:130:4:130:Infinity":51,"s:130:31:130:Infinity":52,"s:131:4:131:Infinity":53,"s:132:4:132:Infinity":54,"s:133:4:133:Infinity":55,"s:134:4:134:Infinity":56,"s:137:2:199:Infinity":57,"b:142:7:142:Infinity:143:8:149:Infinity":24,"b:152:7:152:15:152:15:152:Infinity":25,"f:161:22:161:23":10,"s:161:29:161:Infinity":58,"f:176:22:176:23":11,"s:176:29:176:Infinity":59,"b:183:23:183:41:183:41:183:Infinity":26,"b:187:11:187:Infinity:188:12:195:Infinity":27,"s:203:0:205:Infinity":60}}}
,"C:\\Users\\nicog\\OneDrive\\Documents\\calendrier\\Calendrier\\frontend\\src\\features\\auth\\SignUp.jsx": {"path":"C:\\Users\\nicog\\OneDrive\\Documents\\calendrier\\Calendrier\\frontend\\src\\features\\auth\\SignUp.jsx","statementMap":{"0":{"start":{"line":7,"column":22},"end":{"line":7,"column":null}},"1":{"start":{"line":8,"column":24},"end":{"line":8,"column":null}},"2":{"start":{"line":9,"column":30},"end":{"line":9,"column":null}},"3":{"start":{"line":10,"column":28},"end":{"line":10,"column":null}},"4":{"start":{"line":11,"column":30},"end":{"line":11,"column":null}},"5":{"start":{"line":12,"column":34},"end":{"line":12,"column":null}},"6":{"start":{"line":15,"column":4},"end":{"line":15,"column":null}},"7":{"start":{"line":16,"column":4},"end":{"line":16,"column":null}},"8":{"start":{"line":17,"column":4},"end":{"line":17,"column":null}},"9":{"start":{"line":19,"column":4},"end":{"line":22,"column":null}},"10":{"start":{"line":20,"column":6},"end":{"line":20,"column":null}},"11":{"start":{"line":21,"column":6},"end":{"line":21,"column":null}},"12":{"start":{"line":24,"column":4},"end":{"line":24,"column":null}},"13":{"start":{"line":25,"column":4},"end":{"line":54,"column":null}},"14":{"start":{"line":27,"column":30},"end":{"line":35,"column":null}},"15":{"start":{"line":37,"column":6},"end":{"line":47,"column":null}},"16":{"start":{"line":39,"column":8},"end":{"line":39,"column":null}},"17":{"start":{"line":42,"column":8},"end":{"line":44,"column":null}},"18":{"start":{"line":49,"column":6},"end":{"line":49,"column":null}},"19":{"start":{"line":50,"column":6},"end":{"line":50,"column":null}},"20":{"start":{"line":52,"column":6},"end":{"line":52,"column":null}},"21":{"start":{"line":57,"column":2},"end":{"line":106,"column":null}},"22":{"start":{"line":74,"column":27},"end":{"line":74,"column":null}},"23":{"start":{"line":80,"column":27},"end":{"line":80,"column":null}},"24":{"start":{"line":87,"column":27},"end":{"line":87,"column":null}},"25":{"start":{"line":99,"column":27},"end":{"line":99,"column":null}},"26":{"start":{"line":110,"column":0},"end":{"line":112,"column":null}}},"fnMap":{"0":{"name":"SignUp","decl":{"start":{"line":6,"column":24},"end":{"line":6,"column":31}},"loc":{"start":{"line":6,"column":47},"end":{"line":108,"column":null}},"line":6},"1":{"name":"handleSubmit","decl":{"start":{"line":14,"column":17},"end":{"line":14,"column":30}},"loc":{"start":{"line":14,"column":33},"end":{"line":55,"column":null}},"line":14},"2":{"name":"(anonymous_2)","decl":{"start":{"line":74,"column":20},"end":{"line":74,"column":21}},"loc":{"start":{"line":74,"column":27},"end":{"line":74,"column":null}},"line":74},"3":{"name":"(anonymous_3)","decl":{"start":{"line":80,"column":20},"end":{"line":80,"column":21}},"loc":{"start":{"line":80,"column":27},"end":{"line":80,"column":null}},"line":80},"4":{"name":"(anonymous_4)","decl":{"start":{"line":87,"column":20},"end":{"line":87,"column":21}},"loc":{"start":{"line":87,"column":27},"end":{"line":87,"column":null}},"line":87},"5":{"name":"(anonymous_5)","decl":{"start":{"line":99,"column":21},"end":{"line":99,"column":27}},"loc":{"start":{"line":99,"column":27},"end":{"line":99,"column":null}},"line":99}},"branchMap":{"0":{"loc":{"start":{"line":19,"column":4},"end":{"line":22,"column":null}},"type":"if","locations":[{"start":{"line":19,"column":4},"end":{"line":22,"column":null}},{"start":{},"end":{}}],"line":19},"1":{"loc":{"start":{"line":19,"column":8},"end":{"line":19,"column":29}},"type":"binary-expr","locations":[{"start":{"line":19,"column":8},"end":{"line":19,"column":18}},{"start":{"line":19,"column":18},"end":{"line":19,"column":29}}],"line":19},"2":{"loc":{"start":{"line":33,"column":29},"end":{"line":33,"column":49}},"type":"binary-expr","locations":[{"start":{"line":33,"column":29},"end":{"line":33,"column":44}},{"start":{"line":33,"column":44},"end":{"line":33,"column":49}}],"line":33},"3":{"loc":{"start":{"line":37,"column":6},"end":{"line":47,"column":null}},"type":"if","locations":[{"start":{"line":37,"column":6},"end":{"line":47,"column":null}},{"start":{"line":40,"column":13},"end":{"line":47,"column":null}}],"line":37},"4":{"loc":{"start":{"line":39,"column":20},"end":{"line":39,"column":64}},"type":"binary-expr","locations":[{"start":{"line":39,"column":20},"end":{"line":39,"column":37}},{"start":{"line":39,"column":37},"end":{"line":39,"column":64}}],"line":39},"5":{"loc":{"start":{"line":59,"column":7},"end":{"line":62,"column":null}},"type":"binary-expr","locations":[{"start":{"line":59,"column":7},"end":{"line":59,"column":null}},{"start":{"line":60,"column":8},"end":{"line":62,"column":null}}],"line":59},"6":{"loc":{"start":{"line":64,"column":7},"end":{"line":67,"column":null}},"type":"binary-expr","locations":[{"start":{"line":64,"column":7},"end":{"line":64,"column":null}},{"start":{"line":65,"column":8},"end":{"line":67,"column":null}}],"line":64},"7":{"loc":{"start":{"line":93,"column":13},"end":{"line":93,"column":null}},"type":"cond-expr","locations":[{"start":{"line":93,"column":23},"end":{"line":93,"column":41}},{"start":{"line":93,"column":41},"end":{"line":93,"column":null}}],"line":93},"8":{"loc":{"start":{"line":99,"column":27},"end":{"line":99,"column":null}},"type":"binary-expr","locations":[{"start":{"line":99,"column":27},"end":{"line":99,"column":63}},{"start":{"line":99,"column":63},"end":{"line":99,"column":null}}],"line":99}},"s":{"0":30,"1":30,"2":30,"3":30,"4":30,"5":30,"6":6,"7":6,"8":6,"9":6,"10":1,"11":1,"12":5,"13":5,"14":5,"15":4,"16":1,"17":3,"18":0,"19":0,"20":4,"21":30,"22":2,"23":5,"24":5,"25":1,"26":1},"f":{"0":30,"1":6,"2":2,"3":5,"4":5,"5":1},"b":{"0":[1,5],"1":[6,5],"2":[5,3],"3":[1,3],"4":[1,0],"5":[30,2],"6":[30,3],"7":[5,25],"8":[1,1]},"meta":{"lastBranch":9,"lastFunction":6,"lastStatement":27,"seen":{"f:6:24:6:31":0,"s:7:22:7:Infinity":0,"s:8:24:8:Infinity":1,"s:9:30:9:Infinity":2,"s:10:28:10:Infinity":3,"s:11:30:11:Infinity":4,"s:12:34:12:Infinity":5,"f:14:17:14:30":1,"s:15:4:15:Infinity":6,"s:16:4:16:Infinity":7,"s:17:4:17:Infinity":8,"b:19:4:22:Infinity:undefined:undefined:undefined:undefined":0,"s:19:4:22:Infinity":9,"b:19:8:19:18:19:18:19:29":1,"s:20:6:20:Infinity":10,"s:21:6:21:Infinity":11,"s:24:4:24:Infinity":12,"s:25:4:54:Infinity":13,"s:27:30:35:Infinity":14,"b:33:29:33:44:33:44:33:49":2,"b:37:6:47:Infinity:40:13:47:Infinity":3,"s:37:6:47:Infinity":15,"s:39:8:39:Infinity":16,"b:39:20:39:37:39:37:39:64":4,"s:42:8:44:Infinity":17,"s:49:6:49:Infinity":18,"s:50:6:50:Infinity":19,"s:52:6:52:Infinity":20,"s:57:2:106:Infinity":21,"b:59:7:59:Infinity:60:8:62:Infinity":5,"b:64:7:64:Infinity:65:8:67:Infinity":6,"f:74:20:74:21":2,"s:74:27:74:Infinity":22,"f:80:20:80:21":3,"s:80:27:80:Infinity":23,"f:87:20:87:21":4,"s:87:27:87:Infinity":24,"b:93:23:93:41:93:41:93:Infinity":7,"f:99:21:99:27":5,"s:99:27:99:Infinity":25,"b:99:27:99:63:99:63:99:Infinity":8,"s:110:0:112:Infinity":26}}}
,"C:\\Users\\nicog\\OneDrive\\Documents\\calendrier\\Calendrier\\frontend\\src\\features\\calendar\\hooks\\useCalendarEvents.js": {"path":"C:\\Users\\nicog\\OneDrive\\Documents\\calendrier\\Calendrier\\frontend\\src\\features\\calendar\\hooks\\useCalendarEvents.js","statementMap":{"0":{"start":{"line":7,"column":29},"end":{"line":7,"column":42}},"1":{"start":{"line":8,"column":41},"end":{"line":8,"column":57}},"2":{"start":{"line":9,"column":29},"end":{"line":9,"column":42}},"3":{"start":{"line":12,"column":16},"end":{"line":14,"column":14}},"4":{"start":{"line":13,"column":4},"end":{"line":13,"column":66}},"5":{"start":{"line":13,"column":17},"end":{"line":13,"column":65}},"6":{"start":{"line":13,"column":50},"end":{"line":13,"column":59}},"7":{"start":{"line":17,"column":22},"end":{"line":17,"column":24}},"8":{"start":{"line":19,"column":4},"end":{"line":21,"column":5}},"9":{"start":{"line":20,"column":6},"end":{"line":20,"column":50}},"10":{"start":{"line":23,"column":4},"end":{"line":25,"column":5}},"11":{"start":{"line":24,"column":6},"end":{"line":24,"column":49}},"12":{"start":{"line":27,"column":4},"end":{"line":29,"column":5}},"13":{"start":{"line":28,"column":6},"end":{"line":28,"column":45}},"14":{"start":{"line":31,"column":4},"end":{"line":46,"column":5}},"15":{"start":{"line":32,"column":24},"end":{"line":32,"column":45}},"16":{"start":{"line":33,"column":22},"end":{"line":33,"column":41}},"17":{"start":{"line":35,"column":6},"end":{"line":37,"column":7}},"18":{"start":{"line":36,"column":8},"end":{"line":36,"column":47}},"19":{"start":{"line":39,"column":6},"end":{"line":41,"column":7}},"20":{"start":{"line":40,"column":8},"end":{"line":40,"column":43}},"21":{"start":{"line":43,"column":6},"end":{"line":45,"column":7}},"22":{"start":{"line":44,"column":8},"end":{"line":44,"column":60}},"23":{"start":{"line":48,"column":4},"end":{"line":48,"column":21}},"24":{"start":{"line":52,"column":4},"end":{"line":52,"column":29}},"25":{"start":{"line":52,"column":22},"end":{"line":52,"column":29}},"26":{"start":{"line":54,"column":4},"end":{"line":54,"column":26}},"27":{"start":{"line":55,"column":4},"end":{"line":55,"column":18}},"28":{"start":{"line":57,"column":4},"end":{"line":99,"column":5}},"29":{"start":{"line":58,"column":31},"end":{"line":58,"column":55}},"30":{"start":{"line":60,"column":6},"end":{"line":63,"column":7}},"31":{"start":{"line":61,"column":8},"end":{"line":61,"column":36}},"32":{"start":{"line":62,"column":8},"end":{"line":62,"column":15}},"33":{"start":{"line":65,"column":24},"end":{"line":65,"column":49}},"34":{"start":{"line":66,"column":22},"end":{"line":66,"column":45}},"35":{"start":{"line":69,"column":32},"end":{"line":76,"column":8}},"36":{"start":{"line":69,"column":41},"end":{"line":76,"column":7}},"37":{"start":{"line":78,"column":6},"end":{"line":92,"column":7}},"38":{"start":{"line":80,"column":29},"end":{"line":80,"column":62}},"39":{"start":{"line":81,"column":8},"end":{"line":83,"column":11}},"40":{"start":{"line":81,"column":26},"end":{"line":83,"column":9}},"41":{"start":{"line":82,"column":10},"end":{"line":82,"column":60}},"42":{"start":{"line":85,"column":8},"end":{"line":85,"column":22}},"43":{"start":{"line":88,"column":28},"end":{"line":88,"column":55}},"44":{"start":{"line":90,"column":8},"end":{"line":90,"column":50}},"45":{"start":{"line":90,"column":26},"end":{"line":90,"column":48}},"46":{"start":{"line":91,"column":8},"end":{"line":91,"column":22}},"47":{"start":{"line":95,"column":6},"end":{"line":95,"column":50}},"48":{"start":{"line":96,"column":6},"end":{"line":96,"column":72}},"49":{"start":{"line":98,"column":6},"end":{"line":98,"column":29}},"50":{"start":{"line":104,"column":22},"end":{"line":110,"column":5}},"51":{"start":{"line":111,"column":4},"end":{"line":111,"column":36}},"52":{"start":{"line":112,"column":4},"end":{"line":112,"column":18}},"53":{"start":{"line":116,"column":4},"end":{"line":119,"column":5}},"54":{"start":{"line":117,"column":6},"end":{"line":117,"column":75}},"55":{"start":{"line":117,"column":24},"end":{"line":117,"column":73}},"56":{"start":{"line":117,"column":45},"end":{"line":117,"column":72}},"57":{"start":{"line":118,"column":6},"end":{"line":118,"column":20}},"58":{"start":{"line":123,"column":4},"end":{"line":150,"column":5}},"59":{"start":{"line":125,"column":24},"end":{"line":125,"column":55}},"60":{"start":{"line":126,"column":22},"end":{"line":126,"column":51}},"61":{"start":{"line":128,"column":20},"end":{"line":128,"column":79}},"62":{"start":{"line":129,"column":6},"end":{"line":129,"column":42}},"63":{"start":{"line":129,"column":35},"end":{"line":129,"column":42}},"64":{"start":{"line":131,"column":26},"end":{"line":138,"column":7}},"65":{"start":{"line":140,"column":6},"end":{"line":140,"column":48}},"66":{"start":{"line":140,"column":24},"end":{"line":140,"column":46}},"67":{"start":{"line":143,"column":6},"end":{"line":143,"column":67}},"68":{"start":{"line":146,"column":6},"end":{"line":146,"column":62}},"69":{"start":{"line":147,"column":6},"end":{"line":147,"column":43}},"70":{"start":{"line":148,"column":6},"end":{"line":148,"column":45}},"71":{"start":{"line":149,"column":6},"end":{"line":149,"column":57}},"72":{"start":{"line":154,"column":4},"end":{"line":160,"column":6}},"73":{"start":{"line":163,"column":2},"end":{"line":174,"column":4}}},"fnMap":{"0":{"name":"useCalendarEvents","decl":{"start":{"line":6,"column":16},"end":{"line":6,"column":33}},"loc":{"start":{"line":6,"column":36},"end":{"line":175,"column":1}},"line":6},"1":{"name":"(anonymous_1)","decl":{"start":{"line":12,"column":25},"end":{"line":12,"column":26}},"loc":{"start":{"line":12,"column":31},"end":{"line":14,"column":3}},"line":12},"2":{"name":"(anonymous_2)","decl":{"start":{"line":13,"column":11},"end":{"line":13,"column":12}},"loc":{"start":{"line":13,"column":17},"end":{"line":13,"column":65}},"line":13},"3":{"name":"(anonymous_3)","decl":{"start":{"line":13,"column":43},"end":{"line":13,"column":44}},"loc":{"start":{"line":13,"column":50},"end":{"line":13,"column":59}},"line":13},"4":{"name":"validateEvent","decl":{"start":{"line":16,"column":11},"end":{"line":16,"column":24}},"loc":{"start":{"line":16,"column":32},"end":{"line":49,"column":3}},"line":16},"5":{"name":"handleFormSubmit","decl":{"start":{"line":51,"column":17},"end":{"line":51,"column":33}},"loc":{"start":{"line":51,"column":83},"end":{"line":100,"column":3}},"line":51},"6":{"name":"(anonymous_6)","decl":{"start":{"line":69,"column":32},"end":{"line":69,"column":33}},"loc":{"start":{"line":69,"column":41},"end":{"line":76,"column":7}},"line":69},"7":{"name":"(anonymous_7)","decl":{"start":{"line":81,"column":18},"end":{"line":81,"column":22}},"loc":{"start":{"line":81,"column":26},"end":{"line":83,"column":9}},"line":81},"8":{"name":"(anonymous_8)","decl":{"start":{"line":81,"column":35},"end":{"line":81,"column":40}},"loc":{"start":{"line":82,"column":10},"end":{"line":82,"column":60}},"line":82},"9":{"name":"(anonymous_9)","decl":{"start":{"line":90,"column":18},"end":{"line":90,"column":22}},"loc":{"start":{"line":90,"column":26},"end":{"line":90,"column":48}},"line":90},"10":{"name":"handleSelectEvent","decl":{"start":{"line":102,"column":11},"end":{"line":102,"column":28}},"loc":{"start":{"line":102,"column":46},"end":{"line":113,"column":3}},"line":102},"11":{"name":"handleDeleteEvent","decl":{"start":{"line":115,"column":11},"end":{"line":115,"column":28}},"loc":{"start":{"line":115,"column":56},"end":{"line":120,"column":3}},"line":115},"12":{"name":"(anonymous_12)","decl":{"start":{"line":117,"column":16},"end":{"line":117,"column":20}},"loc":{"start":{"line":117,"column":24},"end":{"line":117,"column":73}},"line":117},"13":{"name":"(anonymous_13)","decl":{"start":{"line":117,"column":36},"end":{"line":117,"column":41}},"loc":{"start":{"line":117,"column":45},"end":{"line":117,"column":72}},"line":117},"14":{"name":"handleSelectSlot","decl":{"start":{"line":122,"column":11},"end":{"line":122,"column":27}},"loc":{"start":{"line":122,"column":73},"end":{"line":151,"column":3}},"line":122},"15":{"name":"(anonymous_15)","decl":{"start":{"line":140,"column":16},"end":{"line":140,"column":20}},"loc":{"start":{"line":140,"column":24},"end":{"line":140,"column":46}},"line":140},"16":{"name":"getInitialFormState","decl":{"start":{"line":153,"column":11},"end":{"line":153,"column":30}},"loc":{"start":{"line":153,"column":33},"end":{"line":161,"column":3}},"line":153}},"branchMap":{"0":{"loc":{"start":{"line":13,"column":50},"end":{"line":13,"column":59}},"type":"binary-expr","locations":[{"start":{"line":13,"column":50},"end":{"line":13,"column":54}},{"start":{"line":13,"column":58},"end":{"line":13,"column":59}}],"line":13},"1":{"loc":{"start":{"line":19,"column":4},"end":{"line":21,"column":5}},"type":"if","locations":[{"start":{"line":19,"column":4},"end":{"line":21,"column":5}},{"start":{},"end":{}}],"line":19},"2":{"loc":{"start":{"line":23,"column":4},"end":{"line":25,"column":5}},"type":"if","locations":[{"start":{"line":23,"column":4},"end":{"line":25,"column":5}},{"start":{},"end":{}}],"line":23},"3":{"loc":{"start":{"line":27,"column":4},"end":{"line":29,"column":5}},"type":"if","locations":[{"start":{"line":27,"column":4},"end":{"line":29,"column":5}},{"start":{},"end":{}}],"line":27},"4":{"loc":{"start":{"line":31,"column":4},"end":{"line":46,"column":5}},"type":"if","locations":[{"start":{"line":31,"column":4},"end":{"line":46,"column":5}},{"start":{},"end":{}}],"line":31},"5":{"loc":{"start":{"line":31,"column":8},"end":{"line":31,"column":32}},"type":"binary-expr","locations":[{"start":{"line":31,"column":8},"end":{"line":31,"column":19}},{"start":{"line":31,"column":23},"end":{"line":31,"column":32}}],"line":31},"6":{"loc":{"start":{"line":35,"column":6},"end":{"line":37,"column":7}},"type":"if","locations":[{"start":{"line":35,"column":6},"end":{"line":37,"column":7}},{"start":{},"end":{}}],"line":35},"7":{"loc":{"start":{"line":39,"column":6},"end":{"line":41,"column":7}},"type":"if","locations":[{"start":{"line":39,"column":6},"end":{"line":41,"column":7}},{"start":{},"end":{}}],"line":39},"8":{"loc":{"start":{"line":43,"column":6},"end":{"line":45,"column":7}},"type":"if","locations":[{"start":{"line":43,"column":6},"end":{"line":45,"column":7}},{"start":{},"end":{}}],"line":43},"9":{"loc":{"start":{"line":52,"column":4},"end":{"line":52,"column":29}},"type":"if","locations":[{"start":{"line":52,"column":4},"end":{"line":52,"column":29}},{"start":{},"end":{}}],"line":52},"10":{"loc":{"start":{"line":60,"column":6},"end":{"line":63,"column":7}},"type":"if","locations":[{"start":{"line":60,"column":6},"end":{"line":63,"column":7}},{"start":{},"end":{}}],"line":60},"11":{"loc":{"start":{"line":74,"column":15},"end":{"line":74,"column":53}},"type":"binary-expr","locations":[{"start":{"line":74,"column":15},"end":{"line":74,"column":30}},{"start":{"line":74,"column":34},"end":{"line":74,"column":53}}],"line":74},"12":{"loc":{"start":{"line":75,"column":22},"end":{"line":75,"column":77}},"type":"binary-expr","locations":[{"start":{"line":75,"column":22},"end":{"line":75,"column":52}},{"start":{"line":75,"column":56},"end":{"line":75,"column":77}}],"line":75},"13":{"loc":{"start":{"line":78,"column":6},"end":{"line":92,"column":7}},"type":"if","locations":[{"start":{"line":78,"column":6},"end":{"line":92,"column":7}},{"start":{"line":86,"column":13},"end":{"line":92,"column":7}}],"line":78},"14":{"loc":{"start":{"line":82,"column":10},"end":{"line":82,"column":60}},"type":"cond-expr","locations":[{"start":{"line":82,"column":40},"end":{"line":82,"column":52}},{"start":{"line":82,"column":55},"end":{"line":82,"column":60}}],"line":82},"15":{"loc":{"start":{"line":108,"column":13},"end":{"line":108,"column":47}},"type":"binary-expr","locations":[{"start":{"line":108,"column":13},"end":{"line":108,"column":24}},{"start":{"line":108,"column":28},"end":{"line":108,"column":47}}],"line":108},"16":{"loc":{"start":{"line":109,"column":20},"end":{"line":109,"column":63}},"type":"binary-expr","locations":[{"start":{"line":109,"column":20},"end":{"line":109,"column":38}},{"start":{"line":109,"column":42},"end":{"line":109,"column":63}}],"line":109},"17":{"loc":{"start":{"line":116,"column":4},"end":{"line":119,"column":5}},"type":"if","locations":[{"start":{"line":116,"column":4},"end":{"line":119,"column":5}},{"start":{},"end":{}}],"line":116},"18":{"loc":{"start":{"line":129,"column":6},"end":{"line":129,"column":42}},"type":"if","locations":[{"start":{"line":129,"column":6},"end":{"line":129,"column":42}},{"start":{},"end":{}}],"line":129},"19":{"loc":{"start":{"line":129,"column":10},"end":{"line":129,"column":33}},"type":"binary-expr","locations":[{"start":{"line":129,"column":10},"end":{"line":129,"column":16}},{"start":{"line":129,"column":20},"end":{"line":129,"column":33}}],"line":129},"20":{"loc":{"start":{"line":136,"column":15},"end":{"line":136,"column":50}},"type":"binary-expr","locations":[{"start":{"line":136,"column":15},"end":{"line":136,"column":27}},{"start":{"line":136,"column":31},"end":{"line":136,"column":50}}],"line":136},"21":{"loc":{"start":{"line":137,"column":22},"end":{"line":137,"column":74}},"type":"binary-expr","locations":[{"start":{"line":137,"column":22},"end":{"line":137,"column":49}},{"start":{"line":137,"column":53},"end":{"line":137,"column":74}}],"line":137}},"s":{"0":28,"1":28,"2":28,"3":28,"4":23,"5":4,"6":0,"7":8,"8":8,"9":1,"10":8,"11":1,"12":8,"13":1,"14":8,"15":7,"16":7,"17":7,"18":1,"19":7,"20":1,"21":7,"22":1,"23":8,"24":8,"25":0,"26":8,"27":8,"28":8,"29":8,"30":8,"31":4,"32":4,"33":4,"34":4,"35":4,"36":4,"37":4,"38":1,"39":1,"40":1,"41":1,"42":1,"43":3,"44":3,"45":3,"46":3,"47":0,"48":0,"49":8,"50":1,"51":1,"52":1,"53":2,"54":1,"55":1,"56":1,"57":1,"58":3,"59":3,"60":3,"61":3,"62":3,"63":2,"64":1,"65":3,"66":1,"67":3,"68":0,"69":0,"70":0,"71":0,"72":1,"73":28},"f":{"0":28,"1":23,"2":4,"3":0,"4":8,"5":8,"6":4,"7":1,"8":1,"9":3,"10":1,"11":2,"12":1,"13":1,"14":3,"15":1,"16":1},"b":{"0":[0,0],"1":[1,7],"2":[1,7],"3":[1,7],"4":[7,1],"5":[8,7],"6":[1,6],"7":[1,6],"8":[1,6],"9":[0,8],"10":[4,4],"11":[4,4],"12":[4,4],"13":[1,3],"14":[1,0],"15":[1,0],"16":[1,0],"17":[1,1],"18":[2,1],"19":[3,1],"20":[1,0],"21":[3,0]},"meta":{"lastBranch":22,"lastFunction":17,"lastStatement":74,"seen":{"f:6:16:6:33":0,"s:7:29:7:42":0,"s:8:41:8:57":1,"s:9:29:9:42":2,"s:12:16:14:14":3,"f:12:25:12:26":1,"s:13:4:13:66":4,"f:13:11:13:12":2,"s:13:17:13:65":5,"f:13:43:13:44":3,"s:13:50:13:59":6,"b:13:50:13:54:13:58:13:59":0,"f:16:11:16:24":4,"s:17:22:17:24":7,"b:19:4:21:5:undefined:undefined:undefined:undefined":1,"s:19:4:21:5":8,"s:20:6:20:50":9,"b:23:4:25:5:undefined:undefined:undefined:undefined":2,"s:23:4:25:5":10,"s:24:6:24:49":11,"b:27:4:29:5:undefined:undefined:undefined:undefined":3,"s:27:4:29:5":12,"s:28:6:28:45":13,"b:31:4:46:5:undefined:undefined:undefined:undefined":4,"s:31:4:46:5":14,"b:31:8:31:19:31:23:31:32":5,"s:32:24:32:45":15,"s:33:22:33:41":16,"b:35:6:37:7:undefined:undefined:undefined:undefined":6,"s:35:6:37:7":17,"s:36:8:36:47":18,"b:39:6:41:7:undefined:undefined:undefined:undefined":7,"s:39:6:41:7":19,"s:40:8:40:43":20,"b:43:6:45:7:undefined:undefined:undefined:undefined":8,"s:43:6:45:7":21,"s:44:8:44:60":22,"s:48:4:48:21":23,"f:51:17:51:33":5,"b:52:4:52:29:undefined:undefined:undefined:undefined":9,"s:52:4:52:29":24,"s:52:22:52:29":25,"s:54:4:54:26":26,"s:55:4:55:18":27,"s:57:4:99:5":28,"s:58:31:58:55":29,"b:60:6:63:7:undefined:undefined:undefined:undefined":10,"s:60:6:63:7":30,"s:61:8:61:36":31,"s:62:8:62:15":32,"s:65:24:65:49":33,"s:66:22:66:45":34,"s:69:32:76:8":35,"f:69:32:69:33":6,"s:69:41:76:7":36,"b:74:15:74:30:74:34:74:53":11,"b:75:22:75:52:75:56:75:77":12,"b:78:6:92:7:86:13:92:7":13,"s:78:6:92:7":37,"s:80:29:80:62":38,"s:81:8:83:11":39,"f:81:18:81:22":7,"s:81:26:83:9":40,"f:81:35:81:40":8,"s:82:10:82:60":41,"b:82:40:82:52:82:55:82:60":14,"s:85:8:85:22":42,"s:88:28:88:55":43,"s:90:8:90:50":44,"f:90:18:90:22":9,"s:90:26:90:48":45,"s:91:8:91:22":46,"s:95:6:95:50":47,"s:96:6:96:72":48,"s:98:6:98:29":49,"f:102:11:102:28":10,"s:104:22:110:5":50,"b:108:13:108:24:108:28:108:47":15,"b:109:20:109:38:109:42:109:63":16,"s:111:4:111:36":51,"s:112:4:112:18":52,"f:115:11:115:28":11,"b:116:4:119:5:undefined:undefined:undefined:undefined":17,"s:116:4:119:5":53,"s:117:6:117:75":54,"f:117:16:117:20":12,"s:117:24:117:73":55,"f:117:36:117:41":13,"s:117:45:117:72":56,"s:118:6:118:20":57,"f:122:11:122:27":14,"s:123:4:150:5":58,"s:125:24:125:55":59,"s:126:22:126:51":60,"s:128:20:128:79":61,"b:129:6:129:42:undefined:undefined:undefined:undefined":18,"s:129:6:129:42":62,"b:129:10:129:16:129:20:129:33":19,"s:129:35:129:42":63,"s:131:26:138:7":64,"b:136:15:136:27:136:31:136:50":20,"b:137:22:137:49:137:53:137:74":21,"s:140:6:140:48":65,"f:140:16:140:20":15,"s:140:24:140:46":66,"s:143:6:143:67":67,"s:146:6:146:62":68,"s:147:6:147:43":69,"s:148:6:148:45":70,"s:149:6:149:57":71,"f:153:11:153:30":16,"s:154:4:160:6":72,"s:163:2:174:4":73}}}
,"C:\\Users\\nicog\\OneDrive\\Documents\\calendrier\\Calendrier\\frontend\\src\\services\\api.js": {"path":"C:\\Users\\nicog\\OneDrive\\Documents\\calendrier\\Calendrier\\frontend\\src\\services\\api.js","statementMap":{"0":{"start":{"line":16,"column":2},"end":{"line":18,"column":3}},"1":{"start":{"line":17,"column":4},"end":{"line":17,"column":62}},"2":{"start":{"line":21,"column":4},"end":{"line":23,"column":29}},"3":{"start":{"line":25,"column":4},"end":{"line":27,"column":27}},"4":{"start":{"line":29,"column":2},"end":{"line":78,"column":3}},"5":{"start":{"line":30,"column":22},"end":{"line":35,"column":5}},"6":{"start":{"line":37,"column":4},"end":{"line":38,"column":44}},"7":{"start":{"line":38,"column":6},"end":{"line":38,"column":44}},"8":{"start":{"line":39,"column":4},"end":{"line":40,"column":41}},"9":{"start":{"line":40,"column":6},"end":{"line":40,"column":41}},"10":{"start":{"line":41,"column":4},"end":{"line":41,"column":64}},"11":{"start":{"line":41,"column":26},"end":{"line":41,"column":64}},"12":{"start":{"line":42,"column":4},"end":{"line":42,"column":55}},"13":{"start":{"line":42,"column":23},"end":{"line":42,"column":55}},"14":{"start":{"line":44,"column":28},"end":{"line":46,"column":26}},"15":{"start":{"line":48,"column":4},"end":{"line":51,"column":5}},"16":{"start":{"line":49,"column":6},"end":{"line":49,"column":69}},"17":{"start":{"line":50,"column":6},"end":{"line":50,"column":18}},"18":{"start":{"line":52,"column":4},"end":{"line":52,"column":16}},"19":{"start":{"line":55,"column":22},"end":{"line":63,"column":5}},"20":{"start":{"line":65,"column":4},"end":{"line":68,"column":7}},"21":{"start":{"line":66,"column":6},"end":{"line":67,"column":28}},"22":{"start":{"line":67,"column":8},"end":{"line":67,"column":28}},"23":{"start":{"line":70,"column":28},"end":{"line":74,"column":15}},"24":{"start":{"line":76,"column":4},"end":{"line":76,"column":27}},"25":{"start":{"line":76,"column":15},"end":{"line":76,"column":27}},"26":{"start":{"line":77,"column":4},"end":{"line":77,"column":16}}},"fnMap":{"0":{"name":"createEvent","decl":{"start":{"line":15,"column":22},"end":{"line":15,"column":33}},"loc":{"start":{"line":15,"column":43},"end":{"line":79,"column":1}},"line":15},"1":{"name":"(anonymous_1)","decl":{"start":{"line":65,"column":35},"end":{"line":65,"column":36}},"loc":{"start":{"line":65,"column":42},"end":{"line":68,"column":5}},"line":65}},"branchMap":{"0":{"loc":{"start":{"line":16,"column":2},"end":{"line":18,"column":3}},"type":"if","locations":[{"start":{"line":16,"column":2},"end":{"line":18,"column":3}},{"start":{},"end":{}}],"line":16},"1":{"loc":{"start":{"line":16,"column":6},"end":{"line":16,"column":32}},"type":"binary-expr","locations":[{"start":{"line":16,"column":6},"end":{"line":16,"column":14}},{"start":{"line":16,"column":18},"end":{"line":16,"column":32}}],"line":16},"2":{"loc":{"start":{"line":21,"column":4},"end":{"line":23,"column":29}},"type":"cond-expr","locations":[{"start":{"line":22,"column":8},"end":{"line":22,"column":35}},{"start":{"line":23,"column":8},"end":{"line":23,"column":29}}],"line":21},"3":{"loc":{"start":{"line":25,"column":4},"end":{"line":27,"column":27}},"type":"cond-expr","locations":[{"start":{"line":26,"column":8},"end":{"line":26,"column":33}},{"start":{"line":27,"column":8},"end":{"line":27,"column":27}}],"line":25},"4":{"loc":{"start":{"line":29,"column":2},"end":{"line":78,"column":3}},"type":"if","locations":[{"start":{"line":29,"column":2},"end":{"line":78,"column":3}},{"start":{"line":53,"column":9},"end":{"line":78,"column":3}}],"line":29},"5":{"loc":{"start":{"line":37,"column":4},"end":{"line":38,"column":44}},"type":"if","locations":[{"start":{"line":37,"column":4},"end":{"line":38,"column":44}},{"start":{},"end":{}}],"line":37},"6":{"loc":{"start":{"line":39,"column":4},"end":{"line":40,"column":41}},"type":"if","locations":[{"start":{"line":39,"column":4},"end":{"line":40,"column":41}},{"start":{},"end":{}}],"line":39},"7":{"loc":{"start":{"line":41,"column":4},"end":{"line":41,"column":64}},"type":"if","locations":[{"start":{"line":41,"column":4},"end":{"line":41,"column":64}},{"start":{},"end":{}}],"line":41},"8":{"loc":{"start":{"line":42,"column":4},"end":{"line":42,"column":55}},"type":"if","locations":[{"start":{"line":42,"column":4},"end":{"line":42,"column":55}},{"start":{},"end":{}}],"line":42},"9":{"loc":{"start":{"line":48,"column":4},"end":{"line":51,"column":5}},"type":"if","locations":[{"start":{"line":48,"column":4},"end":{"line":51,"column":5}},{"start":{},"end":{}}],"line":48},"10":{"loc":{"start":{"line":59,"column":15},"end":{"line":59,"column":42}},"type":"binary-expr","locations":[{"start":{"line":59,"column":15},"end":{"line":59,"column":29}},{"start":{"line":59,"column":33},"end":{"line":59,"column":42}}],"line":59},"11":{"loc":{"start":{"line":60,"column":15},"end":{"line":60,"column":42}},"type":"binary-expr","locations":[{"start":{"line":60,"column":15},"end":{"line":60,"column":29}},{"start":{"line":60,"column":33},"end":{"line":60,"column":42}}],"line":60},"12":{"loc":{"start":{"line":61,"column":16},"end":{"line":61,"column":45}},"type":"binary-expr","locations":[{"start":{"line":61,"column":16},"end":{"line":61,"column":32}},{"start":{"line":61,"column":36},"end":{"line":61,"column":45}}],"line":61},"13":{"loc":{"start":{"line":62,"column":13},"end":{"line":62,"column":39}},"type":"binary-expr","locations":[{"start":{"line":62,"column":13},"end":{"line":62,"column":26}},{"start":{"line":62,"column":30},"end":{"line":62,"column":39}}],"line":62},"14":{"loc":{"start":{"line":66,"column":6},"end":{"line":67,"column":28}},"type":"if","locations":[{"start":{"line":66,"column":6},"end":{"line":67,"column":28}},{"start":{},"end":{}}],"line":66},"15":{"loc":{"start":{"line":66,"column":10},"end":{"line":66,"column":61}},"type":"binary-expr","locations":[{"start":{"line":66,"column":10},"end":{"line":66,"column":36}},{"start":{"line":66,"column":40},"end":{"line":66,"column":61}}],"line":66},"16":{"loc":{"start":{"line":76,"column":4},"end":{"line":76,"column":27}},"type":"if","locations":[{"start":{"line":76,"column":4},"end":{"line":76,"column":27}},{"start":{},"end":{}}],"line":76}},"s":{"0":12,"1":2,"2":10,"3":12,"4":12,"5":4,"6":4,"7":1,"8":4,"9":1,"10":4,"11":0,"12":4,"13":0,"14":4,"15":4,"16":1,"17":1,"18":3,"19":6,"20":6,"21":42,"22":17,"23":6,"24":6,"25":1,"26":5},"f":{"0":12,"1":42},"b":{"0":[2,10],"1":[12,12],"2":[1,9],"3":[1,9],"4":[4,6],"5":[1,3],"6":[1,3],"7":[0,4],"8":[0,4],"9":[1,3],"10":[6,4],"11":[6,5],"12":[6,4],"13":[6,4],"14":[17,25],"15":[42,25],"16":[1,5]},"meta":{"lastBranch":17,"lastFunction":2,"lastStatement":27,"seen":{"f:15:22:15:33":0,"b:16:2:18:3:undefined:undefined:undefined:undefined":0,"s:16:2:18:3":0,"b:16:6:16:14:16:18:16:32":1,"s:17:4:17:62":1,"s:21:4:23:29":2,"b:22:8:22:35:23:8:23:29":2,"s:25:4:27:27":3,"b:26:8:26:33:27:8:27:27":3,"b:29:2:78:3:53:9:78:3":4,"s:29:2:78:3":4,"s:30:22:35:5":5,"b:37:4:38:44:undefined:undefined:undefined:undefined":5,"s:37:4:38:44":6,"s:38:6:38:44":7,"b:39:4:40:41:undefined:undefined:undefined:undefined":6,"s:39:4:40:41":8,"s:40:6:40:41":9,"b:41:4:41:64:undefined:undefined:undefined:undefined":7,"s:41:4:41:64":10,"s:41:26:41:64":11,"b:42:4:42:55:undefined:undefined:undefined:undefined":8,"s:42:4:42:55":12,"s:42:23:42:55":13,"s:44:28:46:26":14,"b:48:4:51:5:undefined:undefined:undefined:undefined":9,"s:48:4:51:5":15,"s:49:6:49:69":16,"s:50:6:50:18":17,"s:52:4:52:16":18,"s:55:22:63:5":19,"b:59:15:59:29:59:33:59:42":10,"b:60:15:60:29:60:33:60:42":11,"b:61:16:61:32:61:36:61:45":12,"b:62:13:62:26:62:30:62:39":13,"s:65:4:68:7":20,"f:65:35:65:36":1,"b:66:6:67:28:undefined:undefined:undefined:undefined":14,"s:66:6:67:28":21,"b:66:10:66:36:66:40:66:61":15,"s:67:8:67:28":22,"s:70:28:74:15":23,"b:76:4:76:27:undefined:undefined:undefined:undefined":16,"s:76:4:76:27":24,"s:76:15:76:27":25,"s:77:4:77:16":26}}}
,"C:\\Users\\nicog\\OneDrive\\Documents\\calendrier\\Calendrier\\frontend\\src\\utils\\constants.js": {"path":"C:\\Users\\nicog\\OneDrive\\Documents\\calendrier\\Calendrier\\frontend\\src\\utils\\constants.js","statementMap":{"0":{"start":{"line":4,"column":34},"end":{"line":11,"column":1}},"1":{"start":{"line":14,"column":35},"end":{"line":14,"column":44}},"2":{"start":{"line":17,"column":37},"end":{"line":17,"column":50}}},"fnMap":{},"branchMap":{},"s":{"0":1,"1":1,"2":1},"f":{},"b":{},"meta":{"lastBranch":0,"lastFunction":0,"lastStatement":3,"seen":{"s:4:34:11:1":0,"s:14:35:14:44":1,"s:17:37:17:50":2}}}
,"C:\\Users\\nicog\\OneDrive\\Documents\\calendrier\\Calendrier\\frontend\\src\\utils\\dateUtils.js": {"path":"C:\\Users\\nicog\\OneDrive\\Documents\\calendrier\\Calendrier\\frontend\\src\\utils\\dateUtils.js","statementMap":{"0":{"start":{"line":9,"column":15},"end":{"line":9,"column":33}},"1":{"start":{"line":10,"column":16},"end":{"line":10,"column":60}},"2":{"start":{"line":11,"column":14},"end":{"line":11,"column":53}},"3":{"start":{"line":12,"column":16},"end":{"line":12,"column":56}},"4":{"start":{"line":13,"column":18},"end":{"line":13,"column":60}},"5":{"start":{"line":14,"column":2},"end":{"line":14,"column":55}},"6":{"start":{"line":22,"column":2},"end":{"line":22,"column":39}},"7":{"start":{"line":30,"column":14},"end":{"line":30,"column":24}},"8":{"start":{"line":31,"column":2},"end":{"line":31,"column":35}},"9":{"start":{"line":32,"column":2},"end":{"line":32,"column":32}},"10":{"start":{"line":41,"column":2},"end":{"line":41,"column":43}}},"fnMap":{"0":{"name":"formatDateToLocal","decl":{"start":{"line":8,"column":9},"end":{"line":8,"column":26}},"loc":{"start":{"line":8,"column":33},"end":{"line":15,"column":1}},"line":8},"1":{"name":"getCurrentDateTime","decl":{"start":{"line":21,"column":16},"end":{"line":21,"column":34}},"loc":{"start":{"line":21,"column":37},"end":{"line":23,"column":1}},"line":21},"2":{"name":"getOneHourFromNow","decl":{"start":{"line":29,"column":16},"end":{"line":29,"column":33}},"loc":{"start":{"line":29,"column":36},"end":{"line":33,"column":1}},"line":29},"3":{"name":"formatDateTimeLocal","decl":{"start":{"line":40,"column":16},"end":{"line":40,"column":35}},"loc":{"start":{"line":40,"column":42},"end":{"line":42,"column":1}},"line":40}},"branchMap":{},"s":{"0":10,"1":10,"2":10,"3":10,"4":10,"5":10,"6":3,"7":2,"8":2,"9":2,"10":5},"f":{"0":10,"1":3,"2":2,"3":5},"b":{},"meta":{"lastBranch":0,"lastFunction":4,"lastStatement":11,"seen":{"f:8:9:8:26":0,"s:9:15:9:33":0,"s:10:16:10:60":1,"s:11:14:11:53":2,"s:12:16:12:56":3,"s:13:18:13:60":4,"s:14:2:14:55":5,"f:21:16:21:34":1,"s:22:2:22:39":6,"f:29:16:29:33":2,"s:30:14:30:24":7,"s:31:2:31:35":8,"s:32:2:32:32":9,"f:40:16:40:35":3,"s:41:2:41:43":10}}}
}
