TN:
SF:src\features\auth\Login.jsx
FN:8,getViteEnv
FN:52,Login
FN:53,(anonymous_2)
FN:54,(anonymous_3)
FN:59,handleSubmit
FN:75,(anonymous_5)
FN:95,(anonymous_6)
FN:106,(anonymous_7)
FN:116,(anonymous_8)
FN:128,fillTestCreds
FN:161,(anonymous_10)
FN:176,(anonymous_11)
FNF:12
FNH:11
FNDA:2,getViteEnv
FNDA:39,Login
FNDA:10,(anonymous_2)
FNDA:10,(anonymous_3)
FNDA:9,handleSubmit
FNDA:4,(anonymous_5)
FNDA:1,(anonymous_6)
FNDA:2,(anonymous_7)
FNDA:1,(anonymous_8)
FNDA:0,fillTestCreds
FNDA:8,(anonymous_10)
FNDA:5,(anonymous_11)
DA:9,2
DA:13,2
DA:16,2
DA:20,2
DA:24,2
DA:27,2
DA:30,2
DA:35,1
DA:42,1
DA:45,1
DA:48,1
DA:53,39
DA:54,39
DA:55,39
DA:56,39
DA:57,39
DA:60,9
DA:61,9
DA:62,9
DA:64,9
DA:65,1
DA:66,1
DA:69,8
DA:71,8
DA:72,8
DA:73,5
DA:76,4
DA:78,2
DA:79,1
DA:81,1
DA:84,2
DA:85,2
DA:87,2
DA:91,2
DA:93,2
DA:97,1
DA:98,1
DA:99,1
DA:104,3
DA:107,2
DA:108,1
DA:109,1
DA:110,1
DA:112,1
DA:114,1
DA:117,1
DA:118,1
DA:119,1
DA:124,8
DA:130,0
DA:131,0
DA:132,0
DA:133,0
DA:134,0
DA:137,39
DA:161,8
DA:176,5
DA:203,1
LF:58
LH:53
BRDA:8,0,0,2
BRDA:20,1,0,0
BRDA:20,1,1,0
BRDA:20,2,0,2
BRDA:20,2,1,0
BRDA:20,2,2,0
BRDA:24,3,0,2
BRDA:24,3,1,0
BRDA:24,3,2,0
BRDA:27,4,0,2
BRDA:27,4,1,0
BRDA:27,5,0,2
BRDA:27,5,1,2
BRDA:27,5,2,2
BRDA:30,6,0,2
BRDA:30,6,1,0
BRDA:35,7,0,0
BRDA:35,7,1,1
BRDA:35,8,0,1
BRDA:35,8,1,1
BRDA:35,8,2,1
BRDA:42,9,0,1
BRDA:42,9,1,1
BRDA:45,10,0,0
BRDA:45,10,1,1
BRDA:48,11,0,0
BRDA:48,11,1,1
BRDA:64,12,0,1
BRDA:64,12,1,8
BRDA:72,13,0,5
BRDA:72,13,1,3
BRDA:76,14,0,2
BRDA:76,14,1,2
BRDA:78,15,0,1
BRDA:78,15,1,1
BRDA:81,16,0,1
BRDA:81,16,1,0
BRDA:84,17,0,2
BRDA:84,17,1,0
BRDA:98,18,0,1
BRDA:98,18,1,0
BRDA:107,19,0,1
BRDA:107,19,1,1
BRDA:108,20,0,1
BRDA:108,20,1,0
BRDA:109,21,0,1
BRDA:109,21,1,0
BRDA:118,22,0,1
BRDA:118,22,1,0
BRDA:130,23,0,0
BRDA:130,23,1,0
BRDA:142,24,0,39
BRDA:142,24,1,6
BRDA:152,25,0,39
BRDA:152,25,1,2
BRDA:183,26,0,8
BRDA:183,26,1,31
BRDA:187,27,0,39
BRDA:187,27,1,39
BRF:59
BRH:40
end_of_record
TN:
SF:src\features\auth\SignUp.jsx
FN:6,SignUp
FN:14,handleSubmit
FN:74,(anonymous_2)
FN:80,(anonymous_3)
FN:87,(anonymous_4)
FN:99,(anonymous_5)
FNF:6
FNH:6
FNDA:30,SignUp
FNDA:6,handleSubmit
FNDA:2,(anonymous_2)
FNDA:5,(anonymous_3)
FNDA:5,(anonymous_4)
FNDA:1,(anonymous_5)
DA:7,30
DA:8,30
DA:9,30
DA:10,30
DA:11,30
DA:12,30
DA:15,6
DA:16,6
DA:17,6
DA:19,6
DA:20,1
DA:21,1
DA:24,5
DA:25,5
DA:27,5
DA:37,4
DA:39,1
DA:42,3
DA:49,0
DA:50,0
DA:52,4
DA:57,30
DA:74,2
DA:80,5
DA:87,5
DA:99,1
DA:110,1
LF:27
LH:25
BRDA:19,0,0,1
BRDA:19,0,1,5
BRDA:19,1,0,6
BRDA:19,1,1,5
BRDA:33,2,0,5
BRDA:33,2,1,3
BRDA:37,3,0,1
BRDA:37,3,1,3
BRDA:39,4,0,1
BRDA:39,4,1,0
BRDA:59,5,0,30
BRDA:59,5,1,2
BRDA:64,6,0,30
BRDA:64,6,1,3
BRDA:93,7,0,5
BRDA:93,7,1,25
BRDA:99,8,0,1
BRDA:99,8,1,1
BRF:18
BRH:17
end_of_record
TN:
SF:src\features\calendar\hooks\useCalendarEvents.js
FN:6,useCalendarEvents
FN:12,(anonymous_1)
FN:13,(anonymous_2)
FN:13,(anonymous_3)
FN:16,validateEvent
FN:51,handleFormSubmit
FN:69,(anonymous_6)
FN:81,(anonymous_7)
FN:81,(anonymous_8)
FN:90,(anonymous_9)
FN:102,handleSelectEvent
FN:115,handleDeleteEvent
FN:117,(anonymous_12)
FN:117,(anonymous_13)
FN:122,handleSelectSlot
FN:140,(anonymous_15)
FN:153,getInitialFormState
FNF:17
FNH:16
FNDA:28,useCalendarEvents
FNDA:23,(anonymous_1)
FNDA:4,(anonymous_2)
FNDA:0,(anonymous_3)
FNDA:8,validateEvent
FNDA:8,handleFormSubmit
FNDA:4,(anonymous_6)
FNDA:1,(anonymous_7)
FNDA:1,(anonymous_8)
FNDA:3,(anonymous_9)
FNDA:1,handleSelectEvent
FNDA:2,handleDeleteEvent
FNDA:1,(anonymous_12)
FNDA:1,(anonymous_13)
FNDA:3,handleSelectSlot
FNDA:1,(anonymous_15)
FNDA:1,getInitialFormState
DA:7,28
DA:8,28
DA:9,28
DA:12,28
DA:13,23
DA:17,8
DA:19,8
DA:20,1
DA:23,8
DA:24,1
DA:27,8
DA:28,1
DA:31,8
DA:32,7
DA:33,7
DA:35,7
DA:36,1
DA:39,7
DA:40,1
DA:43,7
DA:44,1
DA:48,8
DA:52,8
DA:54,8
DA:55,8
DA:57,8
DA:58,8
DA:60,8
DA:61,4
DA:62,4
DA:65,4
DA:66,4
DA:69,4
DA:78,4
DA:80,1
DA:81,1
DA:82,1
DA:85,1
DA:88,3
DA:90,3
DA:91,3
DA:95,0
DA:96,0
DA:98,8
DA:104,1
DA:111,1
DA:112,1
DA:116,2
DA:117,1
DA:118,1
DA:123,3
DA:125,3
DA:126,3
DA:128,3
DA:129,3
DA:131,1
DA:140,3
DA:143,3
DA:146,0
DA:147,0
DA:148,0
DA:149,0
DA:154,1
DA:163,28
LF:64
LH:58
BRDA:13,0,0,0
BRDA:13,0,1,0
BRDA:19,1,0,1
BRDA:19,1,1,7
BRDA:23,2,0,1
BRDA:23,2,1,7
BRDA:27,3,0,1
BRDA:27,3,1,7
BRDA:31,4,0,7
BRDA:31,4,1,1
BRDA:31,5,0,8
BRDA:31,5,1,7
BRDA:35,6,0,1
BRDA:35,6,1,6
BRDA:39,7,0,1
BRDA:39,7,1,6
BRDA:43,8,0,1
BRDA:43,8,1,6
BRDA:52,9,0,0
BRDA:52,9,1,8
BRDA:60,10,0,4
BRDA:60,10,1,4
BRDA:74,11,0,4
BRDA:74,11,1,4
BRDA:75,12,0,4
BRDA:75,12,1,4
BRDA:78,13,0,1
BRDA:78,13,1,3
BRDA:82,14,0,1
BRDA:82,14,1,0
BRDA:108,15,0,1
BRDA:108,15,1,0
BRDA:109,16,0,1
BRDA:109,16,1,0
BRDA:116,17,0,1
BRDA:116,17,1,1
BRDA:129,18,0,2
BRDA:129,18,1,1
BRDA:129,19,0,3
BRDA:129,19,1,1
BRDA:136,20,0,1
BRDA:136,20,1,0
BRDA:137,21,0,3
BRDA:137,21,1,0
BRF:44
BRH:36
end_of_record
TN:
SF:src\services\api.js
FN:15,createEvent
FN:65,(anonymous_1)
FNF:2
FNH:2
FNDA:12,createEvent
FNDA:42,(anonymous_1)
DA:16,12
DA:17,2
DA:21,10
DA:25,12
DA:29,12
DA:30,4
DA:37,4
DA:38,1
DA:39,4
DA:40,1
DA:41,4
DA:42,4
DA:44,4
DA:48,4
DA:49,1
DA:50,1
DA:52,3
DA:55,6
DA:65,6
DA:66,42
DA:67,17
DA:70,6
DA:76,6
DA:77,5
LF:24
LH:24
BRDA:16,0,0,2
BRDA:16,0,1,10
BRDA:16,1,0,12
BRDA:16,1,1,12
BRDA:21,2,0,1
BRDA:21,2,1,9
BRDA:25,3,0,1
BRDA:25,3,1,9
BRDA:29,4,0,4
BRDA:29,4,1,6
BRDA:37,5,0,1
BRDA:37,5,1,3
BRDA:39,6,0,1
BRDA:39,6,1,3
BRDA:41,7,0,0
BRDA:41,7,1,4
BRDA:42,8,0,0
BRDA:42,8,1,4
BRDA:48,9,0,1
BRDA:48,9,1,3
BRDA:59,10,0,6
BRDA:59,10,1,4
BRDA:60,11,0,6
BRDA:60,11,1,5
BRDA:61,12,0,6
BRDA:61,12,1,4
BRDA:62,13,0,6
BRDA:62,13,1,4
BRDA:66,14,0,17
BRDA:66,14,1,25
BRDA:66,15,0,42
BRDA:66,15,1,25
BRDA:76,16,0,1
BRDA:76,16,1,5
BRF:34
BRH:32
end_of_record
TN:
SF:src\utils\constants.js
FNF:0
FNH:0
DA:4,1
DA:14,1
DA:17,1
LF:3
LH:3
BRF:0
BRH:0
end_of_record
TN:
SF:src\utils\dateUtils.js
FN:8,formatDateToLocal
FN:21,getCurrentDateTime
FN:29,getOneHourFromNow
FN:40,formatDateTimeLocal
FNF:4
FNH:4
FNDA:10,formatDateToLocal
FNDA:3,getCurrentDateTime
FNDA:2,getOneHourFromNow
FNDA:5,formatDateTimeLocal
DA:9,10
DA:10,10
DA:11,10
DA:12,10
DA:13,10
DA:14,10
DA:22,3
DA:30,2
DA:31,2
DA:32,2
DA:41,5
LF:11
LH:11
BRF:0
BRH:0
end_of_record
